\BOOKMARK [0][-]{chapter*.1}{\376\377\000A\000b\000o\000u\000t\000\040\000t\000h\000i\000s\000\040\000B\000o\000o\000k}{}% 1
\BOOKMARK [0][-]{chapter*.2}{\376\377\000A\000c\000k\000n\000o\000w\000l\000e\000d\000g\000m\000e\000n\000t\000s}{}% 2
\BOOKMARK [-1][-]{part.1}{\376\377\000I\000\040\000B\000a\000s\000i\000c\000\040\000C\000o\000n\000c\000e\000p\000t\000s}{}% 3
\BOOKMARK [0][-]{chapter.1}{\376\377\000W\000h\000a\000t\000\040\000I\000s\000\040\000L\000o\000g\000i\000c\000?}{part.1}% 4
\BOOKMARK [1][-]{section.1.1}{\376\377\000I\000n\000t\000r\000o\000d\000u\000c\000t\000i\000o\000n}{chapter.1}% 5
\BOOKMARK [1][-]{section.1.2}{\376\377\000S\000t\000a\000t\000e\000m\000e\000n\000t\000,\000\040\000A\000r\000g\000u\000m\000e\000n\000t\000,\000\040\000P\000r\000e\000m\000i\000s\000e\000,\000\040\000C\000o\000n\000c\000l\000u\000s\000i\000o\000n}{chapter.1}% 6
\BOOKMARK [1][-]{section.1.3}{\376\377\000A\000r\000g\000u\000m\000e\000n\000t\000s\000\040\000a\000n\000d\000\040\000N\000o\000n\000a\000r\000g\000u\000m\000e\000n\000t\000s}{chapter.1}% 7
\BOOKMARK [0][-]{chapter.2}{\376\377\000T\000h\000e\000\040\000B\000a\000s\000i\000c\000s\000\040\000o\000f\000\040\000E\000v\000a\000l\000u\000a\000t\000i\000n\000g\000\040\000A\000r\000g\000u\000m\000e\000n\000t}{part.1}% 8
\BOOKMARK [1][-]{section.2.1}{\376\377\000T\000w\000o\000\040\000W\000a\000y\000s\000\040\000a\000n\000\040\000A\000r\000g\000u\000m\000e\000n\000t\000\040\000C\000a\000n\000\040\000G\000o\000\040\000W\000r\000o\000n\000g}{chapter.2}% 9
\BOOKMARK [1][-]{section.2.2}{\376\377\000V\000a\000l\000i\000d\000i\000t\000y\000\040\000a\000n\000d\000\040\000S\000o\000u\000n\000d\000n\000e\000s\000s}{chapter.2}% 10
\BOOKMARK [1][-]{section.2.3}{\376\377\000S\000t\000r\000o\000n\000g\000,\000\040\000C\000o\000g\000e\000n\000t\000,\000\040\000D\000e\000d\000u\000c\000t\000i\000v\000e\000,\000\040\000I\000n\000d\000u\000c\000t\000i\000v\000e}{chapter.2}% 11
\BOOKMARK [0][-]{chapter.3}{\376\377\000W\000h\000a\000t\000\040\000i\000s\000\040\000F\000o\000r\000m\000a\000l\000\040\000L\000o\000g\000i\000c\000?}{part.1}% 12
\BOOKMARK [1][-]{section.3.1}{\376\377\000F\000o\000r\000m\000a\000l\000\040\000a\000s\000\040\000i\000n\000\040\000C\000o\000n\000c\000e\000r\000n\000e\000d\000\040\000w\000i\000t\000h\000\040\000t\000h\000e\000\040\000F\000o\000r\000m\000\040\000o\000f\000\040\000T\000h\000i\000n\000g\000s}{chapter.3}% 13
\BOOKMARK [1][-]{section.3.2}{\376\377\000F\000o\000r\000m\000a\000l\000\040\000a\000s\000\040\000i\000n\000\040\000S\000t\000r\000i\000c\000t\000l\000y\000\040\000F\000o\000l\000l\000o\000w\000i\000n\000g\000\040\000R\000u\000l\000e\000s}{chapter.3}% 14
\BOOKMARK [1][-]{section.3.3}{\376\377\000M\000o\000r\000e\000\040\000L\000o\000g\000i\000c\000a\000l\000\040\000N\000o\000t\000i\000o\000n\000s\000\040\000f\000o\000r\000\040\000F\000o\000r\000m\000a\000l\000\040\000L\000o\000g\000i\000c}{chapter.3}% 15
\BOOKMARK [-1][-]{part.2}{\376\377\000I\000I\000\040\000P\000r\000o\000p\000o\000s\000i\000t\000i\000o\000n\000a\000l\000\040\000L\000o\000g\000i\000c}{}% 16
\BOOKMARK [0][-]{chapter.4}{\376\377\000P\000r\000o\000p\000o\000s\000i\000t\000i\000o\000n\000a\000l\000\040\000L\000o\000g\000i\000c}{part.2}% 17
\BOOKMARK [1][-]{section.4.1}{\376\377\000S\000e\000n\000t\000e\000n\000c\000e\000\040\000L\000e\000t\000t\000e\000r\000s}{chapter.4}% 18
\BOOKMARK [1][-]{section.4.2}{\376\377\000S\000e\000n\000t\000e\000n\000t\000i\000a\000l\000\040\000C\000o\000n\000n\000e\000c\000t\000i\000v\000e\000s}{chapter.4}% 19
\BOOKMARK [1][-]{section.4.3}{\376\377\000M\000o\000r\000e\000\040\000C\000o\000m\000p\000l\000i\000c\000a\000t\000e\000d\000\040\000T\000r\000a\000n\000s\000l\000a\000t\000i\000o\000n\000s}{chapter.4}% 20
\BOOKMARK [1][-]{section.4.4}{\376\377\000R\000e\000c\000u\000r\000s\000i\000v\000e\000\040\000S\000y\000n\000t\000a\000x\000\040\000f\000o\000r\000\040\000S\000L}{chapter.4}% 21
\BOOKMARK [0][-]{chapter.5}{\376\377\000T\000r\000u\000t\000h\000\040\000T\000a\000b\000l\000e\000s}{part.2}% 22
\BOOKMARK [1][-]{section.5.1}{\376\377\000B\000a\000s\000i\000c\000\040\000C\000o\000n\000c\000e\000p\000t\000s}{chapter.5}% 23
\BOOKMARK [1][-]{section.5.2}{\376\377\000C\000o\000m\000p\000l\000e\000t\000e\000\040\000T\000r\000u\000t\000h\000\040\000T\000a\000b\000l\000e\000s}{chapter.5}% 24
\BOOKMARK [1][-]{section.5.3}{\376\377\000U\000s\000i\000n\000g\000\040\000T\000r\000u\000t\000h\000\040\000T\000a\000b\000l\000e\000s}{chapter.5}% 25
\BOOKMARK [1][-]{section.5.4}{\376\377\000P\000a\000r\000t\000i\000a\000l\000\040\000T\000r\000u\000t\000h\000\040\000T\000a\000b\000l\000e\000s}{chapter.5}% 26
\BOOKMARK [1][-]{section.5.5}{\376\377\000E\000x\000p\000r\000e\000s\000s\000i\000v\000e\000\040\000C\000o\000m\000p\000l\000e\000t\000e\000n\000e\000s\000s}{chapter.5}% 27
\BOOKMARK [0][-]{chapter.6}{\376\377\000P\000r\000o\000o\000f\000s\000\040\000i\000n\000\040\000S\000e\000n\000t\000e\000n\000t\000i\000a\000l\000\040\000L\000o\000g\000i\000c}{part.2}% 28
\BOOKMARK [1][-]{section.6.1}{\376\377\000S\000u\000b\000s\000t\000i\000t\000u\000t\000i\000o\000n\000\040\000I\000n\000s\000t\000a\000n\000c\000e\000s\000\040\000a\000n\000d\000\040\000P\000r\000o\000o\000f\000s}{chapter.6}% 29
\BOOKMARK [1][-]{section.6.2}{\376\377\000B\000a\000s\000i\000c\000\040\000R\000u\000l\000e\000s\000\040\000f\000o\000r\000\040\000S\000e\000n\000t\000e\000n\000t\000i\000a\000l\000\040\000L\000o\000g\000i\000c}{chapter.6}% 30
\BOOKMARK [1][-]{section.6.3}{\376\377\000C\000o\000n\000d\000i\000t\000i\000o\000n\000a\000l\000\040\000P\000r\000o\000o\000f}{chapter.6}% 31
\BOOKMARK [1][-]{section.6.4}{\376\377\000I\000n\000d\000i\000r\000e\000c\000t\000\040\000P\000r\000o\000o\000f}{chapter.6}% 32
\BOOKMARK [1][-]{section.6.5}{\376\377\000T\000a\000u\000t\000o\000l\000o\000g\000i\000e\000s\000\040\000a\000n\000d\000\040\000E\000q\000u\000i\000v\000a\000l\000e\000n\000c\000e\000s}{chapter.6}% 33
\BOOKMARK [1][-]{section.6.6}{\376\377\000D\000e\000r\000i\000v\000e\000d\000\040\000R\000u\000l\000e\000s}{chapter.6}% 34
\BOOKMARK [1][-]{section.6.7}{\376\377\000R\000u\000l\000e\000s\000\040\000o\000f\000\040\000R\000e\000p\000l\000a\000c\000e\000m\000e\000n\000t}{chapter.6}% 35
\BOOKMARK [1][-]{section.6.8}{\376\377\000P\000r\000o\000o\000f\000\040\000S\000t\000r\000a\000t\000e\000g\000y}{chapter.6}% 36
\BOOKMARK [1][-]{section.6.9}{\376\377\000S\000o\000u\000n\000d\000n\000e\000s\000s\000\040\000a\000n\000d\000\040\000c\000o\000m\000p\000l\000e\000t\000e\000n\000e\000s\000s}{chapter.6}% 37
\BOOKMARK [-1][-]{part.3}{\376\377\000I\000I\000I\000\040\000C\000a\000t\000e\000g\000o\000r\000i\000c\000a\000l\000\040\000L\000o\000g\000i\000c}{}% 38
\BOOKMARK [0][-]{chapter.7}{\376\377\000C\000a\000t\000e\000g\000o\000r\000i\000c\000a\000l\000\040\000S\000t\000a\000t\000e\000m\000e\000n\000t\000s}{part.3}% 39
\BOOKMARK [1][-]{section.7.1}{\376\377\000Q\000u\000a\000n\000t\000i\000f\000i\000e\000d\000\040\000C\000a\000t\000e\000g\000o\000r\000i\000c\000a\000l\000\040\000S\000t\000a\000t\000e\000m\000e\000n\000t\000s}{chapter.7}% 40
\BOOKMARK [1][-]{section.7.2}{\376\377\000Q\000u\000a\000n\000t\000i\000t\000y\000,\000\040\000Q\000u\000a\000l\000i\000t\000y\000,\000\040\000D\000i\000s\000t\000r\000i\000b\000u\000t\000i\000o\000n\000,\000\040\000a\000n\000d\000\040\000V\000e\000n\000n\000\040\000D\000i\000a\000g\000r\000a\000m\000s}{chapter.7}% 41
\BOOKMARK [1][-]{section.7.3}{\376\377\000T\000r\000a\000n\000s\000f\000o\000r\000m\000i\000n\000g\000\040\000E\000n\000g\000l\000i\000s\000h\000\040\000i\000n\000t\000o\000\040\000L\000o\000g\000i\000c\000a\000l\000l\000y\000\040\000S\000t\000r\000u\000c\000t\000u\000r\000e\000d\000\040\000E\000n\000g\000l\000i\000s\000h}{chapter.7}% 42
\BOOKMARK [1][-]{section.7.4}{\376\377\000C\000o\000n\000v\000e\000r\000s\000i\000o\000n\000,\000\040\000O\000b\000v\000e\000r\000s\000i\000o\000n\000,\000\040\000a\000n\000d\000\040\000C\000o\000n\000t\000r\000a\000p\000o\000s\000i\000t\000i\000o\000n}{chapter.7}% 43
\BOOKMARK [1][-]{section.7.5}{\376\377\000T\000h\000e\000\040\000T\000r\000a\000d\000i\000t\000i\000o\000n\000a\000l\000\040\000S\000q\000u\000a\000r\000e\000\040\000o\000f\000\040\000O\000p\000p\000o\000s\000i\000t\000i\000o\000n}{chapter.7}% 44
\BOOKMARK [1][-]{section.7.6}{\376\377\000E\000x\000i\000s\000t\000e\000n\000t\000i\000a\000l\000\040\000I\000m\000p\000o\000r\000t\000\040\000a\000n\000d\000\040\000t\000h\000e\000\040\000M\000o\000d\000e\000r\000n\000\040\000S\000q\000u\000a\000r\000e\000\040\000o\000f\000\040\000O\000p\000p\000o\000s\000i\000t\000i\000o\000n}{chapter.7}% 45
\BOOKMARK [0][-]{chapter.8}{\376\377\000C\000a\000t\000e\000g\000o\000r\000i\000c\000a\000l\000\040\000S\000y\000l\000l\000o\000g\000i\000s\000m\000s}{part.3}% 46
\BOOKMARK [1][-]{section.8.1}{\376\377\000S\000t\000a\000n\000d\000a\000r\000d\000\040\000F\000o\000r\000m\000,\000\040\000M\000o\000o\000d\000,\000\040\000a\000n\000d\000\040\000F\000i\000g\000u\000r\000e}{chapter.8}% 47
\BOOKMARK [1][-]{section.8.2}{\376\377\000T\000e\000s\000t\000i\000n\000g\000\040\000V\000a\000l\000i\000d\000i\000t\000y}{chapter.8}% 48
\BOOKMARK [1][-]{section.8.3}{\376\377\000E\000x\000i\000s\000t\000e\000n\000t\000i\000a\000l\000\040\000I\000m\000p\000o\000r\000t\000\040\000a\000n\000d\000\040\000C\000o\000n\000d\000i\000t\000i\000o\000n\000a\000l\000l\000y\000\040\000V\000a\000l\000i\000d\000\040\000F\000o\000r\000m\000s}{chapter.8}% 49
\BOOKMARK [1][-]{section.8.4}{\376\377\000R\000u\000l\000e\000s\000\040\000a\000n\000d\000\040\000F\000a\000l\000l\000a\000c\000i\000e\000s}{chapter.8}% 50
\BOOKMARK [-1][-]{part.4}{\376\377\000I\000V\000\040\000P\000r\000e\000d\000i\000c\000a\000t\000e\000\040\000\046\000\040\000Q\000u\000a\000n\000t\000i\000f\000i\000e\000r\000\040\000L\000o\000g\000i\000c}{}% 51
\BOOKMARK [0][-]{chapter.9}{\376\377\000Q\000u\000a\000n\000t\000i\000f\000i\000e\000d\000\040\000L\000o\000g\000i\000c}{part.4}% 52
\BOOKMARK [1][-]{section.9.1}{\376\377\000F\000r\000o\000m\000\040\000S\000e\000n\000t\000e\000n\000c\000e\000s\000\040\000t\000o\000\040\000P\000r\000e\000d\000i\000c\000a\000t\000e\000s}{chapter.9}% 53
\BOOKMARK [1][-]{section.9.2}{\376\377\000B\000u\000i\000l\000d\000i\000n\000g\000\040\000B\000l\000o\000c\000k\000s\000\040\000o\000f\000\040\000Q\000u\000a\000n\000t\000i\000f\000i\000e\000d\000\040\000L\000o\000g\000i\000c}{chapter.9}% 54
\BOOKMARK [1][-]{section.9.3}{\376\377\000Q\000u\000a\000n\000t\000i\000f\000i\000e\000r\000s}{chapter.9}% 55
\BOOKMARK [1][-]{section.9.4}{\376\377\000T\000r\000a\000n\000s\000l\000a\000t\000i\000n\000g\000\040\000t\000o\000\040\000Q\000u\000a\000n\000t\000i\000f\000i\000e\000d\000\040\000L\000o\000g\000i\000c}{chapter.9}% 56
\BOOKMARK [1][-]{section.9.5}{\376\377\000R\000e\000c\000u\000r\000s\000i\000v\000e\000\040\000S\000y\000n\000t\000a\000x\000\040\000f\000o\000r\000\040\000Q\000L}{chapter.9}% 57
\BOOKMARK [1][-]{section.9.6}{\376\377\000T\000r\000i\000c\000k\000y\000\040\000T\000r\000a\000n\000s\000l\000a\000t\000i\000o\000n\000s}{chapter.9}% 58
\BOOKMARK [1][-]{section.9.7}{\376\377\000I\000d\000e\000n\000t\000i\000t\000y}{chapter.9}% 59
\BOOKMARK [0][-]{chapter.10}{\376\377\000S\000e\000m\000a\000n\000t\000i\000c\000s\000\040\000f\000o\000r\000\040\000Q\000u\000a\000n\000t\000i\000f\000i\000e\000d\000\040\000L\000o\000g\000i\000c}{part.4}% 60
\BOOKMARK [1][-]{section.10.1}{\376\377\000C\000r\000e\000a\000t\000i\000n\000g\000\040\000m\000o\000d\000e\000l\000s\000\040\000i\000n\000\040\000Q\000u\000a\000n\000t\000i\000f\000i\000e\000d\000\040\000L\000o\000g\000i\000c}{chapter.10}% 61
\BOOKMARK [1][-]{section.10.2}{\376\377\000W\000o\000r\000k\000i\000n\000g\000\040\000w\000i\000t\000h\000\040\000M\000o\000d\000e\000l\000s}{chapter.10}% 62
\BOOKMARK [0][-]{chapter.11}{\376\377\000P\000r\000o\000o\000f\000s\000\040\000i\000n\000\040\000Q\000u\000a\000n\000t\000i\000f\000i\000e\000d\000\040\000L\000o\000g\000i\000c}{part.4}% 63
\BOOKMARK [1][-]{section.11.1}{\376\377\000R\000u\000l\000e\000s\000\040\000f\000o\000r\000\040\000Q\000u\000a\000n\000t\000i\000f\000i\000e\000r\000s}{chapter.11}% 64
\BOOKMARK [1][-]{section.11.2}{\376\377\000R\000u\000l\000e\000s\000\040\000f\000o\000r\000\040\000I\000d\000e\000n\000t\000i\000t\000y}{chapter.11}% 65
\BOOKMARK [-1][-]{part.5}{\376\377\000V\000\040\000M\000o\000d\000a\000l\000\040\000L\000o\000g\000i\000c}{}% 66
\BOOKMARK [-1][-]{part.6}{\376\377\000V\000I\000\040\000C\000r\000i\000t\000i\000c\000a\000l\000\040\000T\000h\000i\000n\000k\000i\000n\000g}{}% 67
\BOOKMARK [0][-]{chapter.12}{\376\377\000P\000r\000o\000o\000f\000s\000\040\000i\000n\000\040\000Q\000u\000a\000n\000t\000i\000f\000i\000e\000d\000\040\000L\000o\000g\000i\000c}{part.6}% 68
\BOOKMARK [1][-]{section.12.1}{\376\377\000R\000u\000l\000e\000s\000\040\000f\000o\000r\000\040\000Q\000u\000a\000n\000t\000i\000f\000i\000e\000r\000s}{chapter.12}% 69
\BOOKMARK [1][-]{section.12.2}{\376\377\000R\000u\000l\000e\000s\000\040\000f\000o\000r\000\040\000I\000d\000e\000n\000t\000i\000t\000y}{chapter.12}% 70
\BOOKMARK [-1][-]{part.7}{\376\377\000V\000I\000I\000\040\000I\000n\000d\000u\000c\000t\000i\000v\000e\000\040\000a\000n\000d\000\040\000S\000c\000i\000e\000n\000t\000i\000f\000i\000c\000\040\000R\000e\000a\000s\000o\000n\000i\000n\000g}{}% 71
\BOOKMARK [0][-]{chapter.13}{\376\377\000P\000r\000o\000o\000f\000s\000\040\000i\000n\000\040\000Q\000u\000a\000n\000t\000i\000f\000i\000e\000d\000\040\000L\000o\000g\000i\000c}{part.7}% 72
\BOOKMARK [1][-]{section.13.1}{\376\377\000R\000u\000l\000e\000s\000\040\000f\000o\000r\000\040\000Q\000u\000a\000n\000t\000i\000f\000i\000e\000r\000s}{chapter.13}% 73
\BOOKMARK [1][-]{section.13.2}{\376\377\000R\000u\000l\000e\000s\000\040\000f\000o\000r\000\040\000I\000d\000e\000n\000t\000i\000t\000y}{chapter.13}% 74
\BOOKMARK [-1][-]{part.8}{\376\377\000V\000I\000I\000I\000\040\000S\000e\000t\000\040\000T\000h\000e\000o\000r\000y}{}% 75
\BOOKMARK [0][-]{chapter.14}{\376\377\000I\000n\000t\000r\000o\000d\000u\000c\000t\000i\000o\000n\000\040\000t\000o\000\040\000S\000e\000t\000\040\000T\000h\000e\000o\000r\000y}{part.8}% 76
\BOOKMARK [1][-]{section.14.1}{\376\377\000W\000h\000a\000t\000\040\000i\000s\000\040\000a\000\040\000s\000e\000t\000?}{chapter.14}% 77
\BOOKMARK [1][-]{section.14.2}{\376\377\000C\000o\000u\000n\000t\000i\000n\000g\000\040\000S\000e\000t\000s}{chapter.14}% 78
\BOOKMARK [0][-]{chapter.15}{\376\377\000R\000e\000l\000a\000t\000i\000o\000n\000s}{part.8}% 79
\BOOKMARK [1][-]{section.15.1}{\376\377\000W\000h\000a\000t\000\040\000i\000s\000\040\000a\000\040\000r\000e\000l\000a\000t\000i\000o\000n\000?}{chapter.15}% 80
\BOOKMARK [-1][-]{part.9}{\376\377\000I\000X\000\040\000P\000r\000o\000b\000a\000b\000i\000l\000i\000t\000y\000\040\000T\000h\000e\000o\000r\000y}{}% 81
\BOOKMARK [0][-]{chapter.16}{\376\377\000I\000n\000t\000r\000o\000d\000u\000c\000t\000i\000o\000n\000\040\000t\000o\000\040\000P\000r\000o\000b\000a\000b\000i\000l\000i\000t\000y\000\040\000T\000h\000e\000o\000r\000y}{part.9}% 82
\BOOKMARK [1][-]{section.16.1}{\376\377\000E\000v\000i\000d\000e\000n\000t\000i\000a\000l\000\040\000S\000u\000p\000p\000o\000r\000t\000\040\000R\000e\000v\000i\000s\000i\000t\000e\000d}{chapter.16}% 83
\BOOKMARK [1][-]{section.16.2}{\376\377\000W\000h\000a\000t\000\040\000i\000s\000\040\000P\000r\000o\000b\000a\000b\000i\000l\000i\000t\000y\000?}{chapter.16}% 84
\BOOKMARK [1][-]{section.16.3}{\376\377\000D\000e\000f\000i\000n\000i\000n\000g\000\040\000P\000r\000o\000b\000a\000b\000i\000l\000i\000t\000y}{chapter.16}% 85
\BOOKMARK [1][-]{section.16.4}{\376\377\000A\000x\000i\000o\000m\000s\000\040\000o\000f\000\040\000P\000r\000o\000b\000a\000b\000i\000l\000i\000t\000y}{chapter.16}% 86
\BOOKMARK [1][-]{section.16.5}{\376\377\000U\000n\000i\000v\000e\000r\000s\000e}{chapter.16}% 87
\BOOKMARK [1][-]{section.16.6}{\376\377\000P\000r\000o\000b\000a\000b\000i\000l\000i\000t\000y\000\040\000i\000n\000\040\000A\000c\000t\000i\000o\000n}{chapter.16}% 88
\BOOKMARK [0][-]{chapter.17}{\376\377\000C\000o\000n\000d\000i\000t\000i\000o\000n\000a\000l\000\040\000P\000r\000o\000b\000a\000b\000i\000l\000i\000t\000y}{part.9}% 89
\BOOKMARK [1][-]{section.17.1}{\376\377\000C\000o\000n\000d\000i\000t\000i\000o\000n\000a\000l\000\040\000P\000r\000o\000b\000a\000b\000i\000l\000i\000t\000y}{chapter.17}% 90
\BOOKMARK [0][-]{chapter.18}{\376\377\000B\000a\000y\000e\000s\000'\000\040\000T\000h\000e\000o\000r\000e\000m}{part.9}% 91
\BOOKMARK [1][-]{section.18.1}{\376\377\000H\000u\000m\000e\000'\000s\000\040\000Q\000u\000e\000s\000t\000i\000o\000n}{chapter.18}% 92
\BOOKMARK [1][-]{section.18.2}{\376\377\000B\000a\000y\000e\000s\000'\000\040\000A\000n\000s\000w\000e\000r}{chapter.18}% 93
\BOOKMARK [0][-]{chapter.19}{\376\377\000R\000a\000n\000d\000o\000m\000\040\000V\000a\000r\000i\000a\000b\000l\000e\000s}{part.9}% 94
\BOOKMARK [1][-]{section.19.1}{\376\377\000R\000a\000n\000d\000o\000m\000\040\000V\000a\000r\000i\000a\000b\000l\000e\000s}{chapter.19}% 95
\BOOKMARK [-1][-]{part.10}{\376\377\000X\000\040\000S\000t\000a\000t\000i\000s\000t\000i\000c\000a\000l\000\040\000I\000n\000f\000e\000r\000e\000n\000c\000e}{}% 96
\BOOKMARK [-1][-]{part.11}{\376\377\000X\000I\000\040\000C\000a\000u\000s\000a\000l\000\040\000I\000n\000f\000e\000r\000e\000n\000c\000e}{}% 97
\BOOKMARK [-1][-]{part.12}{\376\377\000X\000I\000I\000\040\000M\000o\000r\000a\000l\000\040\000R\000e\000a\000s\000o\000n\000i\000n\000g}{}% 98
\BOOKMARK [-1][-]{part.13}{\376\377\000X\000I\000I\000I\000\040\000A\000p\000p\000e\000n\000d\000i\000c\000e\000s}{}% 99
\BOOKMARK [0][-]{appendix.A}{\376\377\000O\000t\000h\000e\000r\000\040\000S\000y\000m\000b\000o\000l\000i\000c\000\040\000N\000o\000t\000a\000t\000i\000o\000n}{part.13}% 100
\BOOKMARK [-1][-]{part.14}{\376\377\000X\000I\000V\000\040\000G\000l\000o\000s\000s\000a\000r\000y}{}% 101
\BOOKMARK [0][-]{appendix.B}{\376\377\000Q\000u\000i\000c\000k\000\040\000R\000e\000f\000e\000r\000e\000n\000c\000e}{part.14}% 102
